<?xml version="1.0" encoding="UTF-8"?>
<coverage generated="1602678309582" clover="3.2.0">
  <project timestamp="1602678309582" name="All files">
    <metrics statements="10" coveredstatements="9" conditionals="0" coveredconditionals="0" methods="5" coveredmethods="4" elements="15" coveredelements="13" complexity="0" loc="10" ncloc="10" packages="1" files="2" classes="2">
      <file name="Search.jsx" path="/Users/lukehowsam/srv/dev/intro-to-react-v3-fem/src/Search.jsx">
        <metrics statements="5" coveredstatements="5" conditionals="0" coveredconditionals="0" methods="4" coveredmethods="4"/>
        <line num="11" count="1" type="stmt"/>
        <line num="12" count="1" type="stmt"/>
        <line num="17" count="4" type="stmt"/>
        <line num="32" count="60" type="stmt"/>
        <line num="37" count="47" type="stmt"/>
      </file>
      <file name="showCard.jsx" path="/Users/lukehowsam/srv/dev/intro-to-react-v3-fem/src/showCard.jsx">
        <metrics statements="5" coveredstatements="4" conditionals="0" coveredconditionals="0" methods="1" coveredmethods="0"/>
        <line num="5" count="1" type="stmt"/>
        <line num="14" count="1" type="stmt"/>
        <line num="20" count="1" type="stmt"/>
        <line num="21" count="0" type="stmt"/>
        <line num="30" count="1" type="stmt"/>
      </file>
    </metrics>
  </project>
</coverage>
